Drill report for /home/ec0/Boards/LSAO/ecig/ecig.kicad_pcb
Created on Wed 29 May 2019 11:20:24 AEST

Copper Layer Stackup:
    =============================================================
    L1 :  F.Cu                      front
    L2 :  B.Cu                      back


Drill file 'ecig-PTH.drl' contains
    plated through holes:
    =============================================================
    T1  0.40mm  0.016"  (34 holes)
    T2  1.00mm  0.039"  (10 holes)
    T3  1.10mm  0.043"  (8 holes)
    T4  1.30mm  0.051"  (2 holes)

    Total plated holes count 54


Drill file 'ecig-NPTH.drl' contains
    unplated through holes:
    =============================================================
    T1  2.39mm  0.094"  (1 hole)
    T2  3.45mm  0.136"  (2 holes)

    Total unplated holes count 3
